SF:lib/src/pindo_client_base.dart
DA:6,3
DA:10,1
DA:11,2
DA:16,2
DA:20,1
DA:21,3
DA:32,2
DA:40,1
DA:41,1
DA:42,2
DA:46,3
DA:47,1
DA:48,1
DA:49,1
DA:50,1
DA:54,1
DA:55,1
DA:56,1
DA:57,1
DA:60,1
DA:61,1
DA:64,1
DA:68,1
DA:69,1
DA:70,2
DA:75,3
DA:76,1
DA:77,1
DA:78,1
DA:79,1
DA:80,2
DA:82,1
DA:83,1
DA:84,1
DA:85,1
DA:88,1
DA:89,1
DA:91,1
DA:96,1
DA:101,1
DA:102,1
DA:109,1
DA:111,3
DA:112,1
DA:113,1
DA:114,0
DA:115,1
DA:116,2
DA:119,1
DA:120,1
DA:121,1
DA:122,1
DA:126,1
DA:127,1
DA:129,1
DA:133,1
DA:134,1
DA:135,5
DA:140,3
DA:141,1
DA:142,1
DA:143,1
DA:144,1
DA:145,2
DA:148,1
DA:149,1
DA:150,1
DA:151,1
DA:154,1
DA:155,1
DA:157,1
DA:161,1
DA:167,1
DA:168,1
DA:169,5
DA:173,3
DA:174,1
DA:175,1
DA:176,1
DA:177,1
DA:178,2
DA:181,1
DA:182,1
DA:183,2
DA:184,2
DA:187,3
DA:188,1
DA:190,1
LF:88
LH:87
end_of_record
